2025-03-09 13:30:35,391 - alternative_scraper - INFO - Alternative scraper initialized with 5 keywords
2025-03-09 13:30:35,391 - alternative_scraper - INFO - Using 3 alternative sources
2025-03-09 13:30:35,391 - alternative_scraper - INFO - Starting alternative scraper
2025-03-09 13:30:35,391 - alternative_scraper - INFO - Fetching URL: https://www.careerbuilder.com/advice/career-management
2025-03-09 13:30:36,019 - alternative_scraper - INFO - Found 0 potential articles on Career Builder Articles
2025-03-09 13:30:36,019 - alternative_scraper - INFO - Extracted 0 matching articles from Career Builder Articles
2025-03-09 13:30:37,805 - alternative_scraper - INFO - Fetching URL: https://www.indeed.com/career-advice/career-development
2025-03-09 13:30:37,913 - alternative_scraper - ERROR - Error fetching URL https://www.indeed.com/career-advice/career-development: 403 Client Error: Forbidden for url: https://www.indeed.com/career-advice/career-development
2025-03-09 13:30:37,914 - alternative_scraper - WARNING - Failed to fetch Indeed Career Guide
2025-03-09 13:30:39,378 - alternative_scraper - INFO - Fetching URL: https://news.ycombinator.com/
2025-03-09 13:30:40,136 - alternative_scraper - INFO - Found 30 potential articles on Hacker News
2025-03-09 13:30:40,140 - alternative_scraper - INFO - Extracted 0 matching articles from Hacker News
2025-03-09 13:30:42,320 - alternative_scraper - INFO - Fetching URL: https://www.indeed.com/career-advice/search?q=burnout
2025-03-09 13:30:42,454 - alternative_scraper - ERROR - Error fetching URL https://www.indeed.com/career-advice/search?q=burnout: 403 Client Error: Forbidden for url: https://www.indeed.com/career-advice/search?q=burnout
2025-03-09 13:30:42,455 - alternative_scraper - INFO - Found 0 articles for keyword 'burnout'
2025-03-09 13:30:46,412 - alternative_scraper - INFO - Fetching URL: https://www.indeed.com/career-advice/search?q=career+transition
2025-03-09 13:30:46,553 - alternative_scraper - ERROR - Error fetching URL https://www.indeed.com/career-advice/search?q=career+transition: 403 Client Error: Forbidden for url: https://www.indeed.com/career-advice/search?q=career+transition
2025-03-09 13:30:46,556 - alternative_scraper - INFO - Found 0 articles for keyword 'career transition'
2025-03-09 13:30:50,412 - alternative_scraper - INFO - Fetching URL: https://www.indeed.com/career-advice/search?q=work-life+balance
2025-03-09 13:30:50,523 - alternative_scraper - ERROR - Error fetching URL https://www.indeed.com/career-advice/search?q=work-life+balance: 403 Client Error: Forbidden for url: https://www.indeed.com/career-advice/search?q=work-life+balance
2025-03-09 13:30:50,524 - alternative_scraper - INFO - Found 0 articles for keyword 'work-life balance'
2025-03-09 13:30:52,622 - alternative_scraper - INFO - Fetching URL: https://www.indeed.com/career-advice/search?q=leadership+development
2025-03-09 13:30:52,749 - alternative_scraper - ERROR - Error fetching URL https://www.indeed.com/career-advice/search?q=leadership+development: 403 Client Error: Forbidden for url: https://www.indeed.com/career-advice/search?q=leadership+development
2025-03-09 13:30:52,751 - alternative_scraper - INFO - Found 0 articles for keyword 'leadership development'
2025-03-09 13:30:55,509 - alternative_scraper - INFO - Fetching URL: https://www.indeed.com/career-advice/search?q=professional+growth
2025-03-09 13:30:55,625 - alternative_scraper - ERROR - Error fetching URL https://www.indeed.com/career-advice/search?q=professional+growth: 403 Client Error: Forbidden for url: https://www.indeed.com/career-advice/search?q=professional+growth
2025-03-09 13:30:55,625 - alternative_scraper - INFO - Found 0 articles for keyword 'professional growth'
2025-03-09 13:30:58,606 - alternative_scraper - INFO - Collected a total of 0 unique articles
2025-03-09 13:30:58,606 - alternative_scraper - WARNING - No articles to save to CSV
2025-03-09 13:30:58,606 - alternative_scraper - WARNING - No articles to save in Reddit format
2025-03-09 13:30:58,606 - alternative_scraper - INFO - Alternative scraper completed successfully
